{
  "RSpec": {
    "coverage": {
      "/Users/ryanlai/Code/makers/bank-tech-test/spec/bank_account_spec.rb": {
        "lines": [
          null,
          null,
          1,
          null,
          1,
          1,
          1,
          1,
          1,
          null,
          null,
          1,
          1,
          1,
          null,
          null,
          null,
          1,
          1,
          3,
          3,
          3,
          3,
          null,
          null,
          1,
          1,
          null,
          null,
          1,
          1,
          1,
          null,
          null,
          1,
          1,
          2,
          null,
          null,
          null,
          1,
          1,
          1,
          2,
          null,
          null,
          1,
          1,
          2,
          2,
          2,
          2,
          2,
          null,
          null,
          1,
          1,
          null,
          null,
          1,
          1,
          1,
          1,
          null,
          null,
          null,
          1,
          1,
          2,
          2,
          2,
          2,
          null,
          null,
          1,
          2,
          null,
          null,
          1,
          1,
          1,
          null,
          null,
          null,
          null
        ]
      },
      "/Users/ryanlai/Code/makers/bank-tech-test/lib/bank_account.rb": {
        "lines": [
          null,
          null,
          1,
          null,
          null,
          null,
          1,
          1,
          null,
          1,
          12,
          12,
          null,
          null,
          1,
          9,
          8,
          8,
          null,
          null,
          1,
          5,
          4,
          null,
          3,
          3,
          null,
          null,
          1,
          null,
          1,
          14,
          null,
          null,
          1,
          11,
          11,
          11,
          null,
          null
        ]
      },
      "/Users/ryanlai/Code/makers/bank-tech-test/lib/Transaction.rb": {
        "lines": [
          null,
          null,
          null,
          1,
          1,
          null,
          1,
          0,
          0,
          0,
          0,
          null,
          null,
          1,
          0,
          null,
          null,
          1,
          null,
          1,
          0,
          null,
          null
        ]
      },
      "/Users/ryanlai/Code/makers/bank-tech-test/spec/bank_statement_printer_spec.rb": {
        "lines": [
          null,
          null,
          1,
          null,
          1,
          1,
          1,
          1,
          1,
          null,
          null,
          1,
          1,
          2,
          null,
          null,
          null,
          null,
          null,
          null
        ]
      },
      "/Users/ryanlai/Code/makers/bank-tech-test/lib/bank_statement_printer.rb": {
        "lines": [
          null,
          null,
          null,
          1,
          1,
          1,
          1,
          2,
          null,
          null,
          null
        ]
      },
      "/Users/ryanlai/Code/makers/bank-tech-test/spec/transaction_spec.rb": {
        "lines": [
          null,
          null,
          1,
          null,
          1,
          1,
          1,
          1,
          1,
          1,
          1,
          1,
          null,
          null,
          1,
          2,
          2,
          null,
          null,
          null,
          1,
          1,
          1,
          1,
          null,
          null,
          1,
          1,
          1,
          null,
          null,
          null
        ]
      },
      "/Users/ryanlai/Code/makers/bank-tech-test/lib/transaction.rb": {
        "lines": [
          null,
          null,
          null,
          1,
          1,
          null,
          1,
          14,
          14,
          14,
          14,
          null,
          null,
          1,
          4,
          null,
          null,
          1,
          null,
          1,
          12,
          null,
          null
        ]
      }
    },
    "timestamp": 1679401246
  }
}
